{"/Users/george-marriott/Documents/twinkl-react-tech-test-main/src/App.tsx": {"path":"/Users/george-marriott/Documents/twinkl-react-tech-test-main/src/App.tsx","all":true,"statementMap":{"0":{"start":{"line":1,"column":0},"end":{"line":1,"column":51}},"1":{"start":{"line":2,"column":0},"end":{"line":2,"column":46}},"2":{"start":{"line":3,"column":0},"end":{"line":3,"column":33}},"4":{"start":{"line":5,"column":0},"end":{"line":5,"column":19}},"5":{"start":{"line":6,"column":0},"end":{"line":6,"column":10}},"6":{"start":{"line":7,"column":0},"end":{"line":7,"column":9}},"7":{"start":{"line":8,"column":0},"end":{"line":8,"column":16}},"8":{"start":{"line":9,"column":0},"end":{"line":9,"column":14}},"9":{"start":{"line":10,"column":0},"end":{"line":10,"column":10}},"11":{"start":{"line":12,"column":0},"end":{"line":12,"column":2}},"13":{"start":{"line":14,"column":0},"end":{"line":14,"column":19}}},"s":{"0":0,"1":0,"2":0,"4":0,"5":0,"6":0,"7":0,"8":0,"9":0,"11":0,"13":0},"branchMap":{"0":{"type":"branch","line":1,"loc":{"start":{"line":1,"column":246},"end":{"line":14,"column":19}},"locations":[{"start":{"line":1,"column":246},"end":{"line":14,"column":19}}]}},"b":{"0":[0]},"fnMap":{"0":{"name":"(empty-report)","decl":{"start":{"line":1,"column":246},"end":{"line":14,"column":19}},"loc":{"start":{"line":1,"column":246},"end":{"line":14,"column":19}},"line":1}},"f":{"0":0}}
,"/Users/george-marriott/Documents/twinkl-react-tech-test-main/src/main.tsx": {"path":"/Users/george-marriott/Documents/twinkl-react-tech-test-main/src/main.tsx","all":true,"statementMap":{"0":{"start":{"line":1,"column":0},"end":{"line":1,"column":25}},"1":{"start":{"line":2,"column":0},"end":{"line":2,"column":39}},"2":{"start":{"line":3,"column":0},"end":{"line":3,"column":27}},"3":{"start":{"line":4,"column":0},"end":{"line":4,"column":36}},"5":{"start":{"line":6,"column":0},"end":{"line":6,"column":61}},"6":{"start":{"line":7,"column":0},"end":{"line":7,"column":20}},"7":{"start":{"line":8,"column":0},"end":{"line":8,"column":11}},"8":{"start":{"line":9,"column":0},"end":{"line":9,"column":21}},"9":{"start":{"line":10,"column":0},"end":{"line":10,"column":1}}},"s":{"0":0,"1":0,"2":0,"3":0,"5":0,"6":0,"7":0,"8":0,"9":0},"branchMap":{"0":{"type":"branch","line":1,"loc":{"start":{"line":1,"column":250},"end":{"line":10,"column":1}},"locations":[{"start":{"line":1,"column":250},"end":{"line":10,"column":1}}]}},"b":{"0":[0]},"fnMap":{"0":{"name":"(empty-report)","decl":{"start":{"line":1,"column":250},"end":{"line":10,"column":1}},"loc":{"start":{"line":1,"column":250},"end":{"line":10,"column":1}},"line":1}},"f":{"0":0}}
,"/Users/george-marriott/Documents/twinkl-react-tech-test-main/src/components/Body/Body.tsx": {"path":"/Users/george-marriott/Documents/twinkl-react-tech-test-main/src/components/Body/Body.tsx","all":false,"statementMap":{"0":{"start":{"line":1,"column":0},"end":{"line":1,"column":44}},"8":{"start":{"line":9,"column":0},"end":{"line":9,"column":3}},"10":{"start":{"line":11,"column":0},"end":{"line":11,"column":27}},"11":{"start":{"line":12,"column":0},"end":{"line":12,"column":49}},"12":{"start":{"line":13,"column":0},"end":{"line":13,"column":49}},"15":{"start":{"line":16,"column":0},"end":{"line":16,"column":19}},"16":{"start":{"line":17,"column":0},"end":{"line":17,"column":55}},"17":{"start":{"line":18,"column":0},"end":{"line":18,"column":20}},"18":{"start":{"line":19,"column":0},"end":{"line":19,"column":24}},"19":{"start":{"line":20,"column":0},"end":{"line":20,"column":6}},"20":{"start":{"line":21,"column":0},"end":{"line":21,"column":21}},"22":{"start":{"line":23,"column":0},"end":{"line":23,"column":21}},"23":{"start":{"line":24,"column":0},"end":{"line":24,"column":7}},"24":{"start":{"line":25,"column":0},"end":{"line":25,"column":9}},"26":{"start":{"line":27,"column":0},"end":{"line":27,"column":10}},"27":{"start":{"line":28,"column":0},"end":{"line":28,"column":31}},"28":{"start":{"line":29,"column":0},"end":{"line":29,"column":34}},"29":{"start":{"line":30,"column":0},"end":{"line":30,"column":37}},"30":{"start":{"line":31,"column":0},"end":{"line":31,"column":22}},"31":{"start":{"line":32,"column":0},"end":{"line":32,"column":73}},"32":{"start":{"line":33,"column":0},"end":{"line":33,"column":12}},"33":{"start":{"line":34,"column":0},"end":{"line":34,"column":14}},"34":{"start":{"line":35,"column":0},"end":{"line":35,"column":69}},"35":{"start":{"line":36,"column":0},"end":{"line":36,"column":12}},"36":{"start":{"line":37,"column":0},"end":{"line":37,"column":10}},"38":{"start":{"line":39,"column":0},"end":{"line":39,"column":2}}},"s":{"0":1,"8":1,"10":1,"11":5,"12":5,"15":5,"16":2,"17":2,"18":2,"19":2,"20":2,"22":2,"23":2,"24":5,"26":5,"27":5,"28":5,"29":5,"30":5,"31":5,"32":5,"33":5,"34":5,"35":5,"36":5,"38":5},"branchMap":{"0":{"type":"branch","line":11,"loc":{"start":{"line":11,"column":20},"end":{"line":39,"column":2}},"locations":[{"start":{"line":11,"column":20},"end":{"line":39,"column":2}}]},"1":{"type":"branch","line":16,"loc":{"start":{"line":16,"column":12},"end":{"line":25,"column":5}},"locations":[{"start":{"line":16,"column":12},"end":{"line":25,"column":5}}]},"2":{"type":"branch","line":18,"loc":{"start":{"line":18,"column":10},"end":{"line":20,"column":5}},"locations":[{"start":{"line":18,"column":10},"end":{"line":20,"column":5}}]},"3":{"type":"branch","line":21,"loc":{"start":{"line":21,"column":10},"end":{"line":24,"column":5}},"locations":[{"start":{"line":21,"column":10},"end":{"line":24,"column":5}}]},"4":{"type":"branch","line":32,"loc":{"start":{"line":32,"column":33},"end":{"line":32,"column":73}},"locations":[{"start":{"line":32,"column":33},"end":{"line":32,"column":73}}]}},"b":{"0":[5],"1":[2],"2":[2],"3":[2],"4":[1]},"fnMap":{"0":{"name":"Body","decl":{"start":{"line":11,"column":20},"end":{"line":39,"column":2}},"loc":{"start":{"line":11,"column":20},"end":{"line":39,"column":2}},"line":11},"1":{"name":"onChangeSearchQuery","decl":{"start":{"line":32,"column":33},"end":{"line":32,"column":73}},"loc":{"start":{"line":32,"column":33},"end":{"line":32,"column":73}},"line":32}},"f":{"0":5,"1":1}}
,"/Users/george-marriott/Documents/twinkl-react-tech-test-main/src/components/Header/Header.tsx": {"path":"/Users/george-marriott/Documents/twinkl-react-tech-test-main/src/components/Header/Header.tsx","all":false,"statementMap":{"0":{"start":{"line":1,"column":0},"end":{"line":1,"column":29}},"1":{"start":{"line":2,"column":0},"end":{"line":2,"column":10}},"2":{"start":{"line":3,"column":0},"end":{"line":3,"column":36}},"3":{"start":{"line":4,"column":0},"end":{"line":4,"column":11}},"4":{"start":{"line":5,"column":0},"end":{"line":5,"column":68}},"5":{"start":{"line":6,"column":0},"end":{"line":6,"column":12}},"6":{"start":{"line":7,"column":0},"end":{"line":7,"column":13}},"8":{"start":{"line":9,"column":0},"end":{"line":9,"column":2}}},"s":{"0":1,"1":1,"2":1,"3":1,"4":1,"5":1,"6":1,"8":1},"branchMap":{"0":{"type":"branch","line":1,"loc":{"start":{"line":1,"column":22},"end":{"line":9,"column":2}},"locations":[{"start":{"line":1,"column":22},"end":{"line":9,"column":2}}]}},"b":{"0":[1]},"fnMap":{"0":{"name":"Header","decl":{"start":{"line":1,"column":22},"end":{"line":9,"column":2}},"loc":{"start":{"line":1,"column":22},"end":{"line":9,"column":2}},"line":1}},"f":{"0":1}}
,"/Users/george-marriott/Documents/twinkl-react-tech-test-main/src/components/PostItem/PostItem.tsx": {"path":"/Users/george-marriott/Documents/twinkl-react-tech-test-main/src/components/PostItem/PostItem.tsx","all":false,"statementMap":{"0":{"start":{"line":1,"column":0},"end":{"line":1,"column":43}},"10":{"start":{"line":11,"column":0},"end":{"line":11,"column":77}},"11":{"start":{"line":12,"column":0},"end":{"line":12,"column":10}},"12":{"start":{"line":13,"column":0},"end":{"line":13,"column":36}},"13":{"start":{"line":14,"column":0},"end":{"line":14,"column":37}},"14":{"start":{"line":15,"column":0},"end":{"line":15,"column":37}},"15":{"start":{"line":16,"column":0},"end":{"line":16,"column":24}},"16":{"start":{"line":17,"column":0},"end":{"line":17,"column":17}},"17":{"start":{"line":18,"column":0},"end":{"line":18,"column":15}},"18":{"start":{"line":19,"column":0},"end":{"line":19,"column":36}},"19":{"start":{"line":20,"column":0},"end":{"line":20,"column":23}},"20":{"start":{"line":21,"column":0},"end":{"line":21,"column":16}},"21":{"start":{"line":22,"column":0},"end":{"line":22,"column":15}},"22":{"start":{"line":23,"column":0},"end":{"line":23,"column":13}},"23":{"start":{"line":24,"column":0},"end":{"line":24,"column":36}},"24":{"start":{"line":25,"column":0},"end":{"line":25,"column":61}},"25":{"start":{"line":26,"column":0},"end":{"line":26,"column":13}},"26":{"start":{"line":27,"column":0},"end":{"line":27,"column":10}},"28":{"start":{"line":29,"column":0},"end":{"line":29,"column":2}}},"s":{"0":1,"10":1,"11":10,"12":10,"13":10,"14":10,"15":10,"16":10,"17":10,"18":10,"19":10,"20":10,"21":10,"22":10,"23":10,"24":10,"25":10,"26":10,"28":10},"branchMap":{"0":{"type":"branch","line":11,"loc":{"start":{"line":11,"column":24},"end":{"line":29,"column":2}},"locations":[{"start":{"line":11,"column":24},"end":{"line":29,"column":2}}]},"1":{"type":"branch","line":25,"loc":{"start":{"line":25,"column":25},"end":{"line":25,"column":46}},"locations":[{"start":{"line":25,"column":25},"end":{"line":25,"column":46}}]}},"b":{"0":[10],"1":[1]},"fnMap":{"0":{"name":"PostItem","decl":{"start":{"line":11,"column":24},"end":{"line":29,"column":2}},"loc":{"start":{"line":11,"column":24},"end":{"line":29,"column":2}},"line":11},"1":{"name":"onClick","decl":{"start":{"line":25,"column":25},"end":{"line":25,"column":46}},"loc":{"start":{"line":25,"column":25},"end":{"line":25,"column":46}},"line":25}},"f":{"0":10,"1":1}}
,"/Users/george-marriott/Documents/twinkl-react-tech-test-main/src/components/PostList/PostList.tsx": {"path":"/Users/george-marriott/Documents/twinkl-react-tech-test-main/src/components/PostList/PostList.tsx","all":false,"statementMap":{"0":{"start":{"line":1,"column":0},"end":{"line":1,"column":0}},"16":{"start":{"line":17,"column":0},"end":{"line":17,"column":26}},"17":{"start":{"line":18,"column":0},"end":{"line":18,"column":11}},"18":{"start":{"line":19,"column":0},"end":{"line":19,"column":10}},"19":{"start":{"line":20,"column":0},"end":{"line":20,"column":12}},"20":{"start":{"line":21,"column":0},"end":{"line":21,"column":22}},"22":{"start":{"line":23,"column":0},"end":{"line":23,"column":50}},"23":{"start":{"line":24,"column":0},"end":{"line":24,"column":13}},"24":{"start":{"line":25,"column":0},"end":{"line":25,"column":96}},"25":{"start":{"line":26,"column":0},"end":{"line":26,"column":29}},"26":{"start":{"line":27,"column":0},"end":{"line":27,"column":22}},"27":{"start":{"line":28,"column":0},"end":{"line":28,"column":49}},"28":{"start":{"line":29,"column":0},"end":{"line":29,"column":14}},"29":{"start":{"line":30,"column":0},"end":{"line":30,"column":13}},"31":{"start":{"line":32,"column":0},"end":{"line":32,"column":29}},"32":{"start":{"line":33,"column":0},"end":{"line":33,"column":72}},"33":{"start":{"line":34,"column":0},"end":{"line":34,"column":11}},"35":{"start":{"line":36,"column":0},"end":{"line":36,"column":92}},"37":{"start":{"line":38,"column":0},"end":{"line":38,"column":25}},"38":{"start":{"line":39,"column":0},"end":{"line":39,"column":59}},"39":{"start":{"line":40,"column":0},"end":{"line":40,"column":9}},"40":{"start":{"line":41,"column":0},"end":{"line":41,"column":8}},"43":{"start":{"line":44,"column":0},"end":{"line":44,"column":23}},"44":{"start":{"line":45,"column":0},"end":{"line":45,"column":95}},"45":{"start":{"line":46,"column":0},"end":{"line":46,"column":5}},"47":{"start":{"line":48,"column":0},"end":{"line":48,"column":12}},"48":{"start":{"line":49,"column":0},"end":{"line":49,"column":40}},"49":{"start":{"line":50,"column":0},"end":{"line":50,"column":72}},"50":{"start":{"line":51,"column":0},"end":{"line":51,"column":38}},"51":{"start":{"line":52,"column":0},"end":{"line":52,"column":38}},"52":{"start":{"line":53,"column":0},"end":{"line":53,"column":28}},"53":{"start":{"line":54,"column":0},"end":{"line":54,"column":33}},"54":{"start":{"line":55,"column":0},"end":{"line":55,"column":41}},"55":{"start":{"line":56,"column":0},"end":{"line":56,"column":40}},"56":{"start":{"line":57,"column":0},"end":{"line":57,"column":46}},"57":{"start":{"line":58,"column":0},"end":{"line":58,"column":44}},"58":{"start":{"line":59,"column":0},"end":{"line":59,"column":51}},"59":{"start":{"line":60,"column":0},"end":{"line":60,"column":26}},"61":{"start":{"line":62,"column":0},"end":{"line":62,"column":19}},"62":{"start":{"line":63,"column":0},"end":{"line":63,"column":17}},"63":{"start":{"line":64,"column":0},"end":{"line":64,"column":14}},"65":{"start":{"line":66,"column":0},"end":{"line":66,"column":2}}},"s":{"0":1,"16":1,"17":8,"18":8,"19":8,"20":8,"22":8,"23":1,"24":1,"25":1,"26":1,"27":1,"28":1,"29":1,"31":1,"32":0,"33":0,"35":1,"37":1,"38":0,"39":0,"40":1,"43":8,"44":2,"45":2,"47":8,"48":8,"49":8,"50":8,"51":8,"52":10,"53":10,"54":10,"55":10,"56":10,"57":10,"58":10,"59":10,"61":8,"62":8,"63":8,"65":8},"branchMap":{"0":{"type":"branch","line":17,"loc":{"start":{"line":17,"column":24},"end":{"line":66,"column":2}},"locations":[{"start":{"line":17,"column":24},"end":{"line":66,"column":2}}]},"1":{"type":"branch","line":44,"loc":{"start":{"line":44,"column":22},"end":{"line":46,"column":5}},"locations":[{"start":{"line":44,"column":22},"end":{"line":46,"column":5}}]},"2":{"type":"branch","line":23,"loc":{"start":{"line":23,"column":23},"end":{"line":41,"column":8}},"locations":[{"start":{"line":23,"column":23},"end":{"line":41,"column":8}}]},"3":{"type":"branch","line":32,"loc":{"start":{"line":32,"column":28},"end":{"line":34,"column":11}},"locations":[{"start":{"line":32,"column":28},"end":{"line":34,"column":11}}]},"4":{"type":"branch","line":38,"loc":{"start":{"line":38,"column":8},"end":{"line":40,"column":9}},"locations":[{"start":{"line":38,"column":8},"end":{"line":40,"column":9}}]},"5":{"type":"branch","line":45,"loc":{"start":{"line":45,"column":29},"end":{"line":45,"column":94}},"locations":[{"start":{"line":45,"column":29},"end":{"line":45,"column":94}}]},"6":{"type":"branch","line":52,"loc":{"start":{"line":52,"column":27},"end":{"line":62,"column":17}},"locations":[{"start":{"line":52,"column":27},"end":{"line":62,"column":17}}]}},"b":{"0":[8],"1":[2],"2":[1],"3":[0],"4":[0],"5":[4],"6":[10]},"fnMap":{"0":{"name":"PostList","decl":{"start":{"line":17,"column":24},"end":{"line":66,"column":2}},"loc":{"start":{"line":17,"column":24},"end":{"line":66,"column":2}},"line":17},"1":{"name":"deletePost","decl":{"start":{"line":23,"column":23},"end":{"line":41,"column":8}},"loc":{"start":{"line":23,"column":23},"end":{"line":41,"column":8}},"line":23}},"f":{"0":8,"1":1}}
,"/Users/george-marriott/Documents/twinkl-react-tech-test-main/src/components/SearchInput/SearchInput.tsx": {"path":"/Users/george-marriott/Documents/twinkl-react-tech-test-main/src/components/SearchInput/SearchInput.tsx","all":false,"statementMap":{"0":{"start":{"line":1,"column":0},"end":{"line":1,"column":31}},"4":{"start":{"line":5,"column":0},"end":{"line":5,"column":58}},"5":{"start":{"line":6,"column":0},"end":{"line":6,"column":40}},"7":{"start":{"line":8,"column":0},"end":{"line":8,"column":10}},"8":{"start":{"line":9,"column":0},"end":{"line":9,"column":6}},"9":{"start":{"line":10,"column":0},"end":{"line":10,"column":14}},"10":{"start":{"line":11,"column":0},"end":{"line":11,"column":23}},"11":{"start":{"line":12,"column":0},"end":{"line":12,"column":35}},"12":{"start":{"line":13,"column":0},"end":{"line":13,"column":25}},"13":{"start":{"line":14,"column":0},"end":{"line":14,"column":35}},"14":{"start":{"line":15,"column":0},"end":{"line":15,"column":31}},"15":{"start":{"line":16,"column":0},"end":{"line":16,"column":73}},"16":{"start":{"line":17,"column":0},"end":{"line":17,"column":10}},"17":{"start":{"line":18,"column":0},"end":{"line":18,"column":7}},"19":{"start":{"line":20,"column":0},"end":{"line":20,"column":1}}},"s":{"0":1,"4":5,"5":5,"7":5,"8":5,"9":5,"10":5,"11":5,"12":5,"13":5,"14":5,"15":5,"16":5,"17":5,"19":5},"branchMap":{"0":{"type":"branch","line":5,"loc":{"start":{"line":5,"column":0},"end":{"line":20,"column":1}},"locations":[{"start":{"line":5,"column":0},"end":{"line":20,"column":1}}]},"1":{"type":"branch","line":16,"loc":{"start":{"line":16,"column":22},"end":{"line":16,"column":73}},"locations":[{"start":{"line":16,"column":22},"end":{"line":16,"column":73}}]}},"b":{"0":[5],"1":[1]},"fnMap":{"0":{"name":"SearchInput","decl":{"start":{"line":5,"column":0},"end":{"line":20,"column":1}},"loc":{"start":{"line":5,"column":0},"end":{"line":20,"column":1}},"line":5},"1":{"name":"onChange","decl":{"start":{"line":16,"column":22},"end":{"line":16,"column":73}},"loc":{"start":{"line":16,"column":22},"end":{"line":16,"column":73}},"line":16}},"f":{"0":5,"1":1}}
}
